[37m
Hello! I'm[39m [37mthumb creator[39m[90m#[39m[90m21a566fe-8d66-4a77-93d0-6092f9b8846e[39m on [34m8000[39m [37m
========================
[39m
thumb creator > [35mservice[39m[32m.online[39m [37mcreate thumbnail[39m[90m#[39m[90m9628e154-853f-4b5d-810e-1da88cb4a548[39m
./public/ad_pics/1588881045262.jpeg ./public/thumbnails/1588881045262.jpeg
thumb creator > [35mservice[39m[31m.offline[39m [37mcreate thumbnail[39m[90m#[39m[90m9628e154-853f-4b5d-810e-1da88cb4a548[39m
thumb creator > [35mservice[39m[32m.online[39m [37mcreate thumbnail[39m[90m#[39m[90me022efd4-8bf2-4d97-92d3-bbb58f5f6082[39m
./public/ad_pics/1588881109767.jpeg ./public/thumbnails/1588881109767.jpeg
thumb creator > [35mservice[39m[31m.offline[39m [37mcreate thumbnail[39m[90m#[39m[90me022efd4-8bf2-4d97-92d3-bbb58f5f6082[39m
thumb creator > [35mservice[39m[32m.online[39m [37mcreate thumbnail[39m[90m#[39m[90me022efd4-8bf2-4d97-92d3-bbb58f5f6082[39m
thumb creator > [35mservice[39m[31m.offline[39m [37mcreate thumbnail[39m[90m#[39m[90me022efd4-8bf2-4d97-92d3-bbb58f5f6082[39m
thumb creator > [35mservice[39m[32m.online[39m [37mcreate thumbnail[39m[90m#[39m[90me022efd4-8bf2-4d97-92d3-bbb58f5f6082[39m
thumb creator > [35mservice[39m[31m.offline[39m [37mcreate thumbnail[39m[90m#[39m[90me022efd4-8bf2-4d97-92d3-bbb58f5f6082[39m
thumb creator > [35mservice[39m[32m.online[39m [37mcreate thumbnail[39m[90m#[39m[90me022efd4-8bf2-4d97-92d3-bbb58f5f6082[39m
thumb creator > [35mservice[39m[31m.offline[39m [37mcreate thumbnail[39m[90m#[39m[90me022efd4-8bf2-4d97-92d3-bbb58f5f6082[39m
thumb creator > [35mservice[39m[32m.online[39m [37mcreate thumbnail[39m[90m#[39m[90me022efd4-8bf2-4d97-92d3-bbb58f5f6082[39m
thumb creator > [35mservice[39m[31m.offline[39m [37mcreate thumbnail[39m[90m#[39m[90me022efd4-8bf2-4d97-92d3-bbb58f5f6082[39m
thumb creator > [35mservice[39m[32m.online[39m [37mcreate thumbnail[39m[90m#[39m[90me022efd4-8bf2-4d97-92d3-bbb58f5f6082[39m
thumb creator > [35mservice[39m[31m.offline[39m [37mcreate thumbnail[39m[90m#[39m[90me022efd4-8bf2-4d97-92d3-bbb58f5f6082[39m
thumb creator > [35mservice[39m[32m.online[39m [37mcreate thumbnail[39m[90m#[39m[90me022efd4-8bf2-4d97-92d3-bbb58f5f6082[39m
thumb creator > [35mservice[39m[31m.offline[39m [37mcreate thumbnail[39m[90m#[39m[90me022efd4-8bf2-4d97-92d3-bbb58f5f6082[39m
thumb creator > [35mservice[39m[32m.online[39m [37mcreate thumbnail[39m[90m#[39m[90me022efd4-8bf2-4d97-92d3-bbb58f5f6082[39m
thumb creator > [35mservice[39m[31m.offline[39m [37mcreate thumbnail[39m[90m#[39m[90me022efd4-8bf2-4d97-92d3-bbb58f5f6082[39m
thumb creator > [35mservice[39m[32m.online[39m [37mcreate thumbnail[39m[90m#[39m[90me022efd4-8bf2-4d97-92d3-bbb58f5f6082[39m
thumb creator > [35mservice[39m[31m.offline[39m [37mcreate thumbnail[39m[90m#[39m[90me022efd4-8bf2-4d97-92d3-bbb58f5f6082[39m
thumb creator > [35mservice[39m[32m.online[39m [37mcreate thumbnail[39m[90m#[39m[90me022efd4-8bf2-4d97-92d3-bbb58f5f6082[39m
[37m
Hello! I'm[39m [37mthumb creator[39m[90m#[39m[90m51ddecb7-bfc9-44bf-8d6d-785967bbe993[39m on [34m8000[39m [37m
========================
[39m
thumb creator > [35mservice[39m[32m.online[39m [37mcreate thumbnail[39m[90m#[39m[90me022efd4-8bf2-4d97-92d3-bbb58f5f6082[39m
thumb creator > [35mservice[39m[31m.offline[39m [37mcreate thumbnail[39m[90m#[39m[90me022efd4-8bf2-4d97-92d3-bbb58f5f6082[39m
thumb creator > [35mservice[39m[32m.online[39m [37mcreate thumbnail[39m[90m#[39m[90me022efd4-8bf2-4d97-92d3-bbb58f5f6082[39m
thumb creator > [35mservice[39m[31m.offline[39m [37mcreate thumbnail[39m[90m#[39m[90me022efd4-8bf2-4d97-92d3-bbb58f5f6082[39m
thumb creator > [35mservice[39m[32m.online[39m [37mcreate thumbnail[39m[90m#[39m[90me022efd4-8bf2-4d97-92d3-bbb58f5f6082[39m
[37m
Hello! I'm[39m [37mthumb creator[39m[90m#[39m[90m17072db6-4121-409c-9c8e-8e68b0df9c0f[39m on [34m8001[39m [37m
========================
[39m
thumb creator > [35mservice[39m[32m.online[39m [37mcreate thumbnail[39m[90m#[39m[90m7f879cc5-2b8e-4ae3-a3a6-ed2badbd72e3[39m
thumb creator > [35mservice[39m[31m.offline[39m [37mcreate thumbnail[39m[90m#[39m[90m7f879cc5-2b8e-4ae3-a3a6-ed2badbd72e3[39m
thumb creator > [35mservice[39m[32m.online[39m [37mcreate thumbnail[39m[90m#[39m[90mf6ecddc7-f753-4a22-ac64-93ec2f0217df[39m
thumb creator > [35mservice[39m[31m.offline[39m [37mcreate thumbnail[39m[90m#[39m[90mf6ecddc7-f753-4a22-ac64-93ec2f0217df[39m
thumb creator > [35mservice[39m[32m.online[39m [37mcreate thumbnail[39m[90m#[39m[90mf6ecddc7-f753-4a22-ac64-93ec2f0217df[39m
thumb creator > [35mservice[39m[31m.offline[39m [37mcreate thumbnail[39m[90m#[39m[90mf6ecddc7-f753-4a22-ac64-93ec2f0217df[39m
thumb creator > [35mservice[39m[32m.online[39m [37mcreate thumbnail[39m[90m#[39m[90mf6ecddc7-f753-4a22-ac64-93ec2f0217df[39m
thumb creator > [35mservice[39m[31m.offline[39m [37mcreate thumbnail[39m[90m#[39m[90mf6ecddc7-f753-4a22-ac64-93ec2f0217df[39m
thumb creator > [35mservice[39m[32m.online[39m [37mcreate thumbnail[39m[90m#[39m[90mf6ecddc7-f753-4a22-ac64-93ec2f0217df[39m
thumb creator > [35mservice[39m[31m.offline[39m [37mcreate thumbnail[39m[90m#[39m[90mf6ecddc7-f753-4a22-ac64-93ec2f0217df[39m
thumb creator > [35mservice[39m[32m.online[39m [37mcreate thumbnail[39m[90m#[39m[90mf6ecddc7-f753-4a22-ac64-93ec2f0217df[39m
[37m
Hello! I'm[39m [37mthumb creator[39m[90m#[39m[90m52ce4e90-cb06-4ea2-8d33-4ac9854a6adc[39m on [34m8001[39m [37m
========================
[39m
thumb creator > [35mservice[39m[32m.online[39m [37mcreate thumbnail[39m[90m#[39m[90mf6ecddc7-f753-4a22-ac64-93ec2f0217df[39m
