connected to practica_intro_node
[37m
Hello! I'm[39m [37mmail deliverer[39m[90m#[39m[90m0a11915a-d8ed-4d77-a08c-38e84bba21eb[39m on [34m8001[39m [37m
========================
[39m
mail deliverer > [35mservice[39m[32m.online[39m [37msendEmail[39m[90m#[39m[90m1a7df3e1-8de7-4768-81f4-a887dea8e69d[39m
emailer recieved:  foo@example.com new ad created the ad has been properly created mavidalma@gmail.com
user on responder retrieved:  {
  _id: ee6e8e074763f31a1ad53675,
  username: 'Administrator',
  email: 'mavidalma@gmail.com',
  password: '$2b$10$X.OemEXY3vqAS8EC0gxnGedPqVonY/Fc9FfV83GQlMOHxq5Zg13he',
  __v: 0
}
mail deliverer > [35mservice[39m[31m.offline[39m [37msendEmail[39m[90m#[39m[90m1a7df3e1-8de7-4768-81f4-a887dea8e69d[39m
mail deliverer > [35mservice[39m[32m.online[39m [37msendEmail[39m[90m#[39m[90md6b93870-d6ef-4bde-b7fa-6b606c08d373[39m
emailer recieved:  foo@example.com new ad created the ad has been properly created mavidalma@gmail.com
user on responder retrieved:  {
  _id: ee6e8e074763f31a1ad53675,
  username: 'Administrator',
  email: 'mavidalma@gmail.com',
  password: '$2b$10$rkiqrW/EghdlOuPuBoDN/uLWDT324HHu/Ul7mIQNK/dzWu.su05O6',
  __v: 0
}
mail deliverer > [35mservice[39m[31m.offline[39m [37msendEmail[39m[90m#[39m[90md6b93870-d6ef-4bde-b7fa-6b606c08d373[39m
mail deliverer > [35mservice[39m[32m.online[39m [37msendEmail[39m[90m#[39m[90md6b93870-d6ef-4bde-b7fa-6b606c08d373[39m
connected to practica_intro_node
[37m
Hello! I'm[39m [37mmail deliverer[39m[90m#[39m[90m3c330320-4392-48cd-9ba5-fdd02603ebfa[39m on [34m8001[39m [37m
========================
[39m
mail deliverer > [35mservice[39m[32m.online[39m [37msendEmail[39m[90m#[39m[90md6b93870-d6ef-4bde-b7fa-6b606c08d373[39m
mail deliverer > [35mservice[39m[31m.offline[39m [37msendEmail[39m[90m#[39m[90md6b93870-d6ef-4bde-b7fa-6b606c08d373[39m
mail deliverer > [35mservice[39m[32m.online[39m [37msendEmail[39m[90m#[39m[90md6b93870-d6ef-4bde-b7fa-6b606c08d373[39m
connected to practica_intro_node
[37m
Hello! I'm[39m [37mmail deliverer[39m[90m#[39m[90m428b6808-44df-4196-bc82-6248f7f5a310[39m on [34m8002[39m [37m
========================
[39m
mail deliverer > [35mservice[39m[32m.online[39m [37msendEmail[39m[90m#[39m[90m5774f0a0-667e-494b-8d46-9f1de59e06fd[39m
mail deliverer > [35mservice[39m[32m.online[39m [37mmail deliverer[39m[90m#[39m[90m057271c9-a4f1-4690-a507-85859805f8fa[39m on [34m8000[39m
mail deliverer > [35mservice[39m[32m.online[39m [37mmail deliverer[39m[90m#[39m[90m78983158-1624-4ed7-afee-491e6a07625a[39m on [34m8000[39m
mail deliverer > [35mservice[39m[32m.online[39m [37msendEmail[39m[90m#[39m[90m1ba85cdc-8b12-40b0-a48f-7a08ebee8351[39m
mail deliverer > [35mservice[39m[31m.offline[39m [37msendEmail[39m[90m#[39m[90m5774f0a0-667e-494b-8d46-9f1de59e06fd[39m
mail deliverer > [35mservice[39m[31m.offline[39m [37mmail deliverer[39m[90m#[39m[90m057271c9-a4f1-4690-a507-85859805f8fa[39m on [34m8000[39m
mail deliverer > [35mservice[39m[31m.offline[39m [37mmail deliverer[39m[90m#[39m[90m78983158-1624-4ed7-afee-491e6a07625a[39m on [34m8000[39m
mail deliverer > [35mservice[39m[32m.online[39m [37mmail deliverer[39m[90m#[39m[90m78983158-1624-4ed7-afee-491e6a07625a[39m on [34m8000[39m
mail deliverer > [35mservice[39m[31m.offline[39m [37msendEmail[39m[90m#[39m[90m1ba85cdc-8b12-40b0-a48f-7a08ebee8351[39m
mail deliverer > [35mservice[39m[31m.offline[39m [37mmail deliverer[39m[90m#[39m[90m78983158-1624-4ed7-afee-491e6a07625a[39m on [34m8000[39m
mail deliverer > [35mservice[39m[32m.online[39m [37msendEmail[39m[90m#[39m[90m1ba85cdc-8b12-40b0-a48f-7a08ebee8351[39m
mail deliverer > [35mservice[39m[32m.online[39m [37mmail deliverer[39m[90m#[39m[90m78983158-1624-4ed7-afee-491e6a07625a[39m on [34m8000[39m
mail deliverer > [35mservice[39m[31m.offline[39m [37msendEmail[39m[90m#[39m[90m1ba85cdc-8b12-40b0-a48f-7a08ebee8351[39m
mail deliverer > [35mservice[39m[32m.online[39m [37msendEmail[39m[90m#[39m[90m1ba85cdc-8b12-40b0-a48f-7a08ebee8351[39m
mail deliverer > [35mservice[39m[31m.offline[39m [37msendEmail[39m[90m#[39m[90m1ba85cdc-8b12-40b0-a48f-7a08ebee8351[39m
mail deliverer > [35mservice[39m[32m.online[39m [37msendEmail[39m[90m#[39m[90m1ba85cdc-8b12-40b0-a48f-7a08ebee8351[39m
mail deliverer > [35mservice[39m[31m.offline[39m [37mmail deliverer[39m[90m#[39m[90m78983158-1624-4ed7-afee-491e6a07625a[39m on [34m8000[39m
mail deliverer > [35mservice[39m[31m.offline[39m [37msendEmail[39m[90m#[39m[90m1ba85cdc-8b12-40b0-a48f-7a08ebee8351[39m
mail deliverer > [35mservice[39m[32m.online[39m [37msendEmail[39m[90m#[39m[90m1ba85cdc-8b12-40b0-a48f-7a08ebee8351[39m
mail deliverer > [35mservice[39m[32m.online[39m [37mmail deliverer[39m[90m#[39m[90m78983158-1624-4ed7-afee-491e6a07625a[39m on [34m8000[39m
mail deliverer > [35mservice[39m[31m.offline[39m [37msendEmail[39m[90m#[39m[90m1ba85cdc-8b12-40b0-a48f-7a08ebee8351[39m
mail deliverer > [35mservice[39m[31m.offline[39m [37mmail deliverer[39m[90m#[39m[90m78983158-1624-4ed7-afee-491e6a07625a[39m on [34m8000[39m
mail deliverer > [35mservice[39m[32m.online[39m [37msendEmail[39m[90m#[39m[90m1ba85cdc-8b12-40b0-a48f-7a08ebee8351[39m
mail deliverer > [35mservice[39m[32m.online[39m [37mmail deliverer[39m[90m#[39m[90m78983158-1624-4ed7-afee-491e6a07625a[39m on [34m8000[39m
mail deliverer > [35mservice[39m[31m.offline[39m [37mmail deliverer[39m[90m#[39m[90m78983158-1624-4ed7-afee-491e6a07625a[39m on [34m8000[39m
mail deliverer > [35mservice[39m[32m.online[39m [37mmail deliverer[39m[90m#[39m[90m78983158-1624-4ed7-afee-491e6a07625a[39m on [34m8000[39m
mail deliverer > [35mservice[39m[31m.offline[39m [37msendEmail[39m[90m#[39m[90m1ba85cdc-8b12-40b0-a48f-7a08ebee8351[39m
mail deliverer > [35mservice[39m[32m.online[39m [37msendEmail[39m[90m#[39m[90m1ba85cdc-8b12-40b0-a48f-7a08ebee8351[39m
mail deliverer > [35mservice[39m[31m.offline[39m [37mmail deliverer[39m[90m#[39m[90m78983158-1624-4ed7-afee-491e6a07625a[39m on [34m8000[39m
mail deliverer > [35mservice[39m[32m.online[39m [37mmail deliverer[39m[90m#[39m[90m78983158-1624-4ed7-afee-491e6a07625a[39m on [34m8000[39m
connected to practica_intro_node
[37m
Hello! I'm[39m [37mmail deliverer[39m[90m#[39m[90mf20a2fde-4d56-45fa-9516-770d6fdea8e8[39m on [34m8002[39m [37m
========================
[39m
mail deliverer > [35mservice[39m[32m.online[39m [37mmail deliverer[39m[90m#[39m[90m78983158-1624-4ed7-afee-491e6a07625a[39m on [34m8000[39m
mail deliverer > [35mservice[39m[32m.online[39m [37msendEmail[39m[90m#[39m[90m1ba85cdc-8b12-40b0-a48f-7a08ebee8351[39m
<<<<<<< HEAD
2020-05-10 21:11:43: connected to practica_intro_node
2020-05-10 21:11:43: [37m
Hello! I'm[39m [37mmail deliverer[39m[90m#[39m[90ma1ec3f5e-8af7-43e8-841a-44fa6d8eb956[39m on [34m8001[39m [37m
========================
[39m
2020-05-10 21:11:59: mail deliverer > [35mservice[39m[32m.online[39m [37msendEmail[39m[90m#[39m[90mbc2cdbcb-0ee3-4582-9d73-257d01c94134[39m
2020-05-10 21:12:07: mail deliverer > [35mservice[39m[31m.offline[39m [37msendEmail[39m[90m#[39m[90mbc2cdbcb-0ee3-4582-9d73-257d01c94134[39m
2020-05-10 21:12:09: mail deliverer > [35mservice[39m[32m.online[39m [37msendEmail[39m[90m#[39m[90mbc2cdbcb-0ee3-4582-9d73-257d01c94134[39m
2020-05-10 21:12:53: emailer recieved:  mavidalma@gmail.com thank you for registering into anunciaLOL Thank you for registering on anunciaLOL. You will be provided with an API token on login. Username: undefined Password: undefined. Supen1958@einrot.com
2020-05-10 21:12:53: user on responder retrieved:  {
  _id: 5eb85235ed8fd312bf5d9d9d,
  username: 'testen10',
  email: 'Supen1958@einrot.com',
  password: '$2b$10$NUeoSsQXZLFe.f9psuJVqOnkIBz2IhaExgYwvUFlnXPm6MJ6xd0re',
  __v: 0
}
2020-05-10 21:15:07: mail deliverer > [35mservice[39m[31m.offline[39m [37msendEmail[39m[90m#[39m[90mbc2cdbcb-0ee3-4582-9d73-257d01c94134[39m
2020-05-10 21:17:01: mail deliverer > [35mservice[39m[32m.online[39m [37msendEmail[39m[90m#[39m[90mc917250a-10f1-46b4-bb6e-048a4ec89f4d[39m
2020-05-10 21:17:02: emailer recieved:  mavidalma@gmail.com Your ad "undefined" has been created Your ad has been properly created. Thank you for using our platform and good luck! mavidalma@gmail.com
2020-05-10 21:17:02: user on responder retrieved:  {
  _id: ee6e8e074763f31a1ad53675,
  username: 'Administrator',
  email: 'mavidalma@gmail.com',
  password: '$2b$10$uQb.5OarM7hgKVZ13gNlkeQQHU8BhJWHGGKacT36tZRIHcRRUrOZS',
  __v: 0
}
2020-05-10 21:17:07: mail deliverer > [35mservice[39m[31m.offline[39m [37msendEmail[39m[90m#[39m[90mc917250a-10f1-46b4-bb6e-048a4ec89f4d[39m
2020-05-10 21:17:09: mail deliverer > [35mservice[39m[32m.online[39m [37msendEmail[39m[90m#[39m[90mc917250a-10f1-46b4-bb6e-048a4ec89f4d[39m
2020-05-10 21:17:47: mail deliverer > [35mservice[39m[31m.offline[39m [37msendEmail[39m[90m#[39m[90mc917250a-10f1-46b4-bb6e-048a4ec89f4d[39m
2020-05-10 21:17:51: mail deliverer > [35mservice[39m[32m.online[39m [37msendEmail[39m[90m#[39m[90mc917250a-10f1-46b4-bb6e-048a4ec89f4d[39m
2020-05-10 21:18:07: mail deliverer > [35mservice[39m[31m.offline[39m [37msendEmail[39m[90m#[39m[90mc917250a-10f1-46b4-bb6e-048a4ec89f4d[39m
2020-05-10 21:18:07: mail deliverer > [35mservice[39m[32m.online[39m [37msendEmail[39m[90m#[39m[90mc917250a-10f1-46b4-bb6e-048a4ec89f4d[39m
2020-05-10 21:18:15: mail deliverer > [35mservice[39m[32m.online[39m [37msendEmail[39m[90m#[39m[90m0abd80c6-3d8a-4af4-a70f-901e22d53bdd[39m
2020-05-10 21:18:19: mail deliverer > [35mservice[39m[31m.offline[39m [37msendEmail[39m[90m#[39m[90mc917250a-10f1-46b4-bb6e-048a4ec89f4d[39m
2020-05-10 21:18:21: emailer recieved:  mavidalma@gmail.com Your ad "undefined" has been created Your ad has been properly created. Thank you for using our platform and good luck! mavidalma@gmail.com
2020-05-10 21:18:21: user on responder retrieved:  {
  _id: ee6e8e074763f31a1ad53675,
  username: 'Administrator',
  email: 'mavidalma@gmail.com',
  password: '$2b$10$uQb.5OarM7hgKVZ13gNlkeQQHU8BhJWHGGKacT36tZRIHcRRUrOZS',
  __v: 0
}
2020-05-10 21:19:11: mail deliverer > [35mservice[39m[31m.offline[39m [37msendEmail[39m[90m#[39m[90m0abd80c6-3d8a-4af4-a70f-901e22d53bdd[39m
2020-05-10 21:19:13: mail deliverer > [35mservice[39m[32m.online[39m [37msendEmail[39m[90m#[39m[90m0abd80c6-3d8a-4af4-a70f-901e22d53bdd[39m
2020-05-10 21:19:27: mail deliverer > [35mservice[39m[31m.offline[39m [37msendEmail[39m[90m#[39m[90m0abd80c6-3d8a-4af4-a70f-901e22d53bdd[39m
2020-05-10 21:19:27: mail deliverer > [35mservice[39m[32m.online[39m [37msendEmail[39m[90m#[39m[90m0abd80c6-3d8a-4af4-a70f-901e22d53bdd[39m
2020-05-10 21:19:39: mail deliverer > [35mservice[39m[31m.offline[39m [37msendEmail[39m[90m#[39m[90m0abd80c6-3d8a-4af4-a70f-901e22d53bdd[39m
2020-05-10 21:19:47: mail deliverer > [35mservice[39m[32m.online[39m [37msendEmail[39m[90m#[39m[90m0abd80c6-3d8a-4af4-a70f-901e22d53bdd[39m
2020-05-10 21:20:23: mail deliverer > [35mservice[39m[31m.offline[39m [37msendEmail[39m[90m#[39m[90m0abd80c6-3d8a-4af4-a70f-901e22d53bdd[39m
2020-05-10 21:20:23: mail deliverer > [35mservice[39m[32m.online[39m [37msendEmail[39m[90m#[39m[90m0abd80c6-3d8a-4af4-a70f-901e22d53bdd[39m
2020-05-10 21:21:47: mail deliverer > [35mservice[39m[31m.offline[39m [37msendEmail[39m[90m#[39m[90m0abd80c6-3d8a-4af4-a70f-901e22d53bdd[39m
2020-05-10 21:21:47: mail deliverer > [35mservice[39m[32m.online[39m [37msendEmail[39m[90m#[39m[90m0abd80c6-3d8a-4af4-a70f-901e22d53bdd[39m
2020-05-10 21:22:07: mail deliverer > [35mservice[39m[31m.offline[39m [37msendEmail[39m[90m#[39m[90m0abd80c6-3d8a-4af4-a70f-901e22d53bdd[39m
2020-05-10 21:22:08: mail deliverer > [35mservice[39m[32m.online[39m [37msendEmail[39m[90m#[39m[90mc40459c5-bb26-40f8-ae0e-1d714faec71f[39m
2020-05-10 21:22:22: mail deliverer > [35mservice[39m[32m.online[39m [37msendEmail[39m[90m#[39m[90m18dfdd64-db08-45bc-a195-69a40dc73839[39m
2020-05-10 21:22:23: mail deliverer > [35mservice[39m[31m.offline[39m [37msendEmail[39m[90m#[39m[90mc40459c5-bb26-40f8-ae0e-1d714faec71f[39m
2020-05-10 21:22:45: emailer recieved:  mavidalma@gmail.com thank you for registering into anunciaLOL Thank you for registering on anunciaLOL. You will be provided with an API token on login. Username: testen11 Password: testiculo. supen1959@einrot.com
2020-05-10 21:22:45: user on responder retrieved:  {
  _id: 5eb8548567801e17d67f8301,
  username: 'testen11',
  email: 'supen1959@einrot.com',
  password: '$2b$10$hmX8w./Iyv2my6tYNouTo.Rzh2sQZmy.FmoEVh5WvH3elTr/14kGW',
  __v: 0
}
2020-05-10 21:23:23: mail deliverer > [35mservice[39m[31m.offline[39m [37msendEmail[39m[90m#[39m[90m18dfdd64-db08-45bc-a195-69a40dc73839[39m
2020-05-10 21:23:30: mail deliverer > [35mservice[39m[32m.online[39m [37msendEmail[39m[90m#[39m[90m18dfdd64-db08-45bc-a195-69a40dc73839[39m
2020-05-10 21:23:47: mail deliverer > [35mservice[39m[31m.offline[39m [37msendEmail[39m[90m#[39m[90m18dfdd64-db08-45bc-a195-69a40dc73839[39m
2020-05-10 21:23:48: mail deliverer > [35mservice[39m[32m.online[39m [37msendEmail[39m[90m#[39m[90m18dfdd64-db08-45bc-a195-69a40dc73839[39m
2020-05-10 21:24:16: mail deliverer > [35mservice[39m[32m.online[39m [37msendEmail[39m[90m#[39m[90m8a14f19b-f2e3-4dbd-9f43-2775b246f249[39m
2020-05-10 21:24:19: mail deliverer > [35mservice[39m[31m.offline[39m [37msendEmail[39m[90m#[39m[90m18dfdd64-db08-45bc-a195-69a40dc73839[39m
2020-05-10 21:24:29: emailer recieved:  mavidalma@gmail.com thank you for registering into anunciaLOL Thank you for registering on anunciaLOL. You will be provided with an API token on login. Username: "testen111" and Password: "testiculo". supen1951@einrot.com
2020-05-10 21:24:29: user on responder retrieved:  {
  _id: 5eb854ed06b7c6189afac603,
  username: 'testen111',
  email: 'supen1951@einrot.com',
  password: '$2b$10$PfzwUj8T1iXSEt0W7GLsa.7e39FJDKTxoVGUMG5RzNDx/uolTZZ3y',
  __v: 0
}
2020-05-10 21:25:19: mail deliverer > [35mservice[39m[31m.offline[39m [37msendEmail[39m[90m#[39m[90m8a14f19b-f2e3-4dbd-9f43-2775b246f249[39m
2020-05-10 21:25:22: mail deliverer > [35mservice[39m[32m.online[39m [37msendEmail[39m[90m#[39m[90m8a14f19b-f2e3-4dbd-9f43-2775b246f249[39m
2020-05-10 21:25:51: mail deliverer > [35mservice[39m[31m.offline[39m [37msendEmail[39m[90m#[39m[90m8a14f19b-f2e3-4dbd-9f43-2775b246f249[39m
2020-05-10 21:25:56: mail deliverer > [35mservice[39m[32m.online[39m [37msendEmail[39m[90m#[39m[90m8a14f19b-f2e3-4dbd-9f43-2775b246f249[39m
2020-05-10 21:26:07: mail deliverer > [35mservice[39m[31m.offline[39m [37msendEmail[39m[90m#[39m[90m8a14f19b-f2e3-4dbd-9f43-2775b246f249[39m
2020-05-10 21:26:14: mail deliverer > [35mservice[39m[32m.online[39m [37msendEmail[39m[90m#[39m[90m8a14f19b-f2e3-4dbd-9f43-2775b246f249[39m
2020-05-10 21:26:43: mail deliverer > [35mservice[39m[31m.offline[39m [37msendEmail[39m[90m#[39m[90m8a14f19b-f2e3-4dbd-9f43-2775b246f249[39m
2020-05-10 21:26:44: mail deliverer > [35mservice[39m[32m.online[39m [37msendEmail[39m[90m#[39m[90m8a14f19b-f2e3-4dbd-9f43-2775b246f249[39m
2020-05-10 21:27:11: mail deliverer > [35mservice[39m[31m.offline[39m [37msendEmail[39m[90m#[39m[90m8a14f19b-f2e3-4dbd-9f43-2775b246f249[39m
2020-05-10 21:27:12: mail deliverer > [35mservice[39m[32m.online[39m [37msendEmail[39m[90m#[39m[90m8a14f19b-f2e3-4dbd-9f43-2775b246f249[39m
2020-05-10 21:28:11: mail deliverer > [35mservice[39m[31m.offline[39m [37msendEmail[39m[90m#[39m[90m8a14f19b-f2e3-4dbd-9f43-2775b246f249[39m
2020-05-10 21:28:20: mail deliverer > [35mservice[39m[32m.online[39m [37msendEmail[39m[90m#[39m[90m8a14f19b-f2e3-4dbd-9f43-2775b246f249[39m
2020-05-10 21:28:39: mail deliverer > [35mservice[39m[31m.offline[39m [37msendEmail[39m[90m#[39m[90m8a14f19b-f2e3-4dbd-9f43-2775b246f249[39m
2020-05-10 21:28:40: mail deliverer > [35mservice[39m[32m.online[39m [37msendEmail[39m[90m#[39m[90m8a14f19b-f2e3-4dbd-9f43-2775b246f249[39m
2020-05-10 21:29:31: mail deliverer > [35mservice[39m[31m.offline[39m [37msendEmail[39m[90m#[39m[90m8a14f19b-f2e3-4dbd-9f43-2775b246f249[39m
2020-05-10 21:29:32: mail deliverer > [35mservice[39m[32m.online[39m [37msendEmail[39m[90m#[39m[90m8a14f19b-f2e3-4dbd-9f43-2775b246f249[39m
2020-05-10 21:29:55: mail deliverer > [35mservice[39m[31m.offline[39m [37msendEmail[39m[90m#[39m[90m8a14f19b-f2e3-4dbd-9f43-2775b246f249[39m
2020-05-10 21:29:58: mail deliverer > [35mservice[39m[32m.online[39m [37msendEmail[39m[90m#[39m[90m8a14f19b-f2e3-4dbd-9f43-2775b246f249[39m
2020-05-10 21:30:51: mail deliverer > [35mservice[39m[31m.offline[39m [37msendEmail[39m[90m#[39m[90m8a14f19b-f2e3-4dbd-9f43-2775b246f249[39m
2020-05-10 21:31:00: mail deliverer > [35mservice[39m[32m.online[39m [37msendEmail[39m[90m#[39m[90m8a14f19b-f2e3-4dbd-9f43-2775b246f249[39m
2020-05-10 21:31:27: mail deliverer > [35mservice[39m[31m.offline[39m [37msendEmail[39m[90m#[39m[90m8a14f19b-f2e3-4dbd-9f43-2775b246f249[39m
2020-05-10 21:31:28: mail deliverer > [35mservice[39m[32m.online[39m [37msendEmail[39m[90m#[39m[90m8a14f19b-f2e3-4dbd-9f43-2775b246f249[39m
2020-05-10 21:31:55: mail deliverer > [35mservice[39m[31m.offline[39m [37msendEmail[39m[90m#[39m[90m8a14f19b-f2e3-4dbd-9f43-2775b246f249[39m
2020-05-10 21:31:56: mail deliverer > [35mservice[39m[32m.online[39m [37msendEmail[39m[90m#[39m[90m8a14f19b-f2e3-4dbd-9f43-2775b246f249[39m
2020-05-10 21:32:11: mail deliverer > [35mservice[39m[31m.offline[39m [37msendEmail[39m[90m#[39m[90m8a14f19b-f2e3-4dbd-9f43-2775b246f249[39m
2020-05-10 21:32:16: mail deliverer > [35mservice[39m[32m.online[39m [37msendEmail[39m[90m#[39m[90m8a14f19b-f2e3-4dbd-9f43-2775b246f249[39m
2020-05-10 21:32:23: mail deliverer > [35mservice[39m[31m.offline[39m [37msendEmail[39m[90m#[39m[90m8a14f19b-f2e3-4dbd-9f43-2775b246f249[39m
2020-05-10 21:32:26: mail deliverer > [35mservice[39m[32m.online[39m [37msendEmail[39m[90m#[39m[90m8a14f19b-f2e3-4dbd-9f43-2775b246f249[39m
2020-05-10 21:32:51: mail deliverer > [35mservice[39m[31m.offline[39m [37msendEmail[39m[90m#[39m[90m8a14f19b-f2e3-4dbd-9f43-2775b246f249[39m
2020-05-10 21:32:52: mail deliverer > [35mservice[39m[32m.online[39m [37msendEmail[39m[90m#[39m[90m8a14f19b-f2e3-4dbd-9f43-2775b246f249[39m
2020-05-10 21:33:11: mail deliverer > [35mservice[39m[31m.offline[39m [37msendEmail[39m[90m#[39m[90m8a14f19b-f2e3-4dbd-9f43-2775b246f249[39m
2020-05-10 21:33:12: mail deliverer > [35mservice[39m[32m.online[39m [37msendEmail[39m[90m#[39m[90m8a14f19b-f2e3-4dbd-9f43-2775b246f249[39m
2020-05-10 21:33:27: mail deliverer > [35mservice[39m[31m.offline[39m [37msendEmail[39m[90m#[39m[90m8a14f19b-f2e3-4dbd-9f43-2775b246f249[39m
2020-05-10 21:33:28: mail deliverer > [35mservice[39m[32m.online[39m [37msendEmail[39m[90m#[39m[90m8a14f19b-f2e3-4dbd-9f43-2775b246f249[39m
2020-05-10 21:33:35: mail deliverer > [35mservice[39m[31m.offline[39m [37msendEmail[39m[90m#[39m[90m8a14f19b-f2e3-4dbd-9f43-2775b246f249[39m
2020-05-10 21:33:42: mail deliverer > [35mservice[39m[32m.online[39m [37msendEmail[39m[90m#[39m[90m8a14f19b-f2e3-4dbd-9f43-2775b246f249[39m
2020-05-10 21:33:51: mail deliverer > [35mservice[39m[31m.offline[39m [37msendEmail[39m[90m#[39m[90m8a14f19b-f2e3-4dbd-9f43-2775b246f249[39m
2020-05-10 21:33:52: mail deliverer > [35mservice[39m[32m.online[39m [37msendEmail[39m[90m#[39m[90m8a14f19b-f2e3-4dbd-9f43-2775b246f249[39m
2020-05-10 21:34:11: mail deliverer > [35mservice[39m[31m.offline[39m [37msendEmail[39m[90m#[39m[90m8a14f19b-f2e3-4dbd-9f43-2775b246f249[39m
2020-05-10 21:34:12: mail deliverer > [35mservice[39m[32m.online[39m [37msendEmail[39m[90m#[39m[90m8a14f19b-f2e3-4dbd-9f43-2775b246f249[39m
2020-05-10 21:35:39: mail deliverer > [35mservice[39m[31m.offline[39m [37msendEmail[39m[90m#[39m[90m8a14f19b-f2e3-4dbd-9f43-2775b246f249[39m
2020-05-10 21:35:42: mail deliverer > [35mservice[39m[32m.online[39m [37msendEmail[39m[90m#[39m[90m8a14f19b-f2e3-4dbd-9f43-2775b246f249[39m
2020-05-10 21:36:39: mail deliverer > [35mservice[39m[31m.offline[39m [37msendEmail[39m[90m#[39m[90m8a14f19b-f2e3-4dbd-9f43-2775b246f249[39m
2020-05-10 21:36:40: mail deliverer > [35mservice[39m[32m.online[39m [37msendEmail[39m[90m#[39m[90m8a14f19b-f2e3-4dbd-9f43-2775b246f249[39m
2020-05-10 21:37:23: mail deliverer > [35mservice[39m[31m.offline[39m [37msendEmail[39m[90m#[39m[90m8a14f19b-f2e3-4dbd-9f43-2775b246f249[39m
2020-05-10 21:37:24: mail deliverer > [35mservice[39m[32m.online[39m [37msendEmail[39m[90m#[39m[90m8a14f19b-f2e3-4dbd-9f43-2775b246f249[39m
2020-05-10 21:37:59: mail deliverer > [35mservice[39m[31m.offline[39m [37msendEmail[39m[90m#[39m[90m8a14f19b-f2e3-4dbd-9f43-2775b246f249[39m
2020-05-10 21:38:00: mail deliverer > [35mservice[39m[32m.online[39m [37msendEmail[39m[90m#[39m[90m8a14f19b-f2e3-4dbd-9f43-2775b246f249[39m
2020-05-10 21:38:07: mail deliverer > [35mservice[39m[31m.offline[39m [37msendEmail[39m[90m#[39m[90m8a14f19b-f2e3-4dbd-9f43-2775b246f249[39m
2020-05-10 21:38:10: mail deliverer > [35mservice[39m[32m.online[39m [37msendEmail[39m[90m#[39m[90m8a14f19b-f2e3-4dbd-9f43-2775b246f249[39m
2020-05-10 21:38:35: mail deliverer > [35mservice[39m[31m.offline[39m [37msendEmail[39m[90m#[39m[90m8a14f19b-f2e3-4dbd-9f43-2775b246f249[39m
2020-05-10 21:38:40: mail deliverer > [35mservice[39m[32m.online[39m [37msendEmail[39m[90m#[39m[90m8a14f19b-f2e3-4dbd-9f43-2775b246f249[39m
2020-05-10 21:39:47: mail deliverer > [35mservice[39m[31m.offline[39m [37msendEmail[39m[90m#[39m[90m8a14f19b-f2e3-4dbd-9f43-2775b246f249[39m
2020-05-10 21:39:50: mail deliverer > [35mservice[39m[32m.online[39m [37msendEmail[39m[90m#[39m[90m8a14f19b-f2e3-4dbd-9f43-2775b246f249[39m
2020-05-10 21:39:55: mail deliverer > [35mservice[39m[31m.offline[39m [37msendEmail[39m[90m#[39m[90m8a14f19b-f2e3-4dbd-9f43-2775b246f249[39m
2020-05-10 21:39:56: mail deliverer > [35mservice[39m[32m.online[39m [37msendEmail[39m[90m#[39m[90m8a14f19b-f2e3-4dbd-9f43-2775b246f249[39m
2020-05-10 21:40:47: mail deliverer > [35mservice[39m[31m.offline[39m [37msendEmail[39m[90m#[39m[90m8a14f19b-f2e3-4dbd-9f43-2775b246f249[39m
2020-05-10 21:40:48: mail deliverer > [35mservice[39m[32m.online[39m [37msendEmail[39m[90m#[39m[90m8a14f19b-f2e3-4dbd-9f43-2775b246f249[39m
2020-05-10 21:40:59: mail deliverer > [35mservice[39m[31m.offline[39m [37msendEmail[39m[90m#[39m[90m8a14f19b-f2e3-4dbd-9f43-2775b246f249[39m
2020-05-10 21:41:02: mail deliverer > [35mservice[39m[32m.online[39m [37msendEmail[39m[90m#[39m[90m8a14f19b-f2e3-4dbd-9f43-2775b246f249[39m
2020-05-10 21:41:23: mail deliverer > [35mservice[39m[31m.offline[39m [37msendEmail[39m[90m#[39m[90m8a14f19b-f2e3-4dbd-9f43-2775b246f249[39m
2020-05-10 21:41:26: mail deliverer > [35mservice[39m[32m.online[39m [37msendEmail[39m[90m#[39m[90m8a14f19b-f2e3-4dbd-9f43-2775b246f249[39m
2020-05-10 21:41:43: mail deliverer > [35mservice[39m[31m.offline[39m [37msendEmail[39m[90m#[39m[90m8a14f19b-f2e3-4dbd-9f43-2775b246f249[39m
2020-05-10 21:41:44: mail deliverer > [35mservice[39m[32m.online[39m [37msendEmail[39m[90m#[39m[90m8a14f19b-f2e3-4dbd-9f43-2775b246f249[39m
2020-05-10 21:41:59: mail deliverer > [35mservice[39m[31m.offline[39m [37msendEmail[39m[90m#[39m[90m8a14f19b-f2e3-4dbd-9f43-2775b246f249[39m
2020-05-10 21:42:02: mail deliverer > [35mservice[39m[32m.online[39m [37msendEmail[39m[90m#[39m[90m8a14f19b-f2e3-4dbd-9f43-2775b246f249[39m
2020-05-10 21:42:07: mail deliverer > [35mservice[39m[31m.offline[39m [37msendEmail[39m[90m#[39m[90m8a14f19b-f2e3-4dbd-9f43-2775b246f249[39m
2020-05-10 21:42:08: mail deliverer > [35mservice[39m[32m.online[39m [37msendEmail[39m[90m#[39m[90m8a14f19b-f2e3-4dbd-9f43-2775b246f249[39m
2020-05-10 21:42:39: mail deliverer > [35mservice[39m[31m.offline[39m [37msendEmail[39m[90m#[39m[90m8a14f19b-f2e3-4dbd-9f43-2775b246f249[39m
2020-05-10 21:42:40: mail deliverer > [35mservice[39m[32m.online[39m [37msendEmail[39m[90m#[39m[90m8a14f19b-f2e3-4dbd-9f43-2775b246f249[39m
2020-05-10 21:43:08: mail deliverer > [35mservice[39m[31m.offline[39m [37msendEmail[39m[90m#[39m[90m8a14f19b-f2e3-4dbd-9f43-2775b246f249[39m
2020-05-10 21:43:08: mail deliverer > [35mservice[39m[32m.online[39m [37msendEmail[39m[90m#[39m[90m8a14f19b-f2e3-4dbd-9f43-2775b246f249[39m
2020-05-10 21:43:48: mail deliverer > [35mservice[39m[31m.offline[39m [37msendEmail[39m[90m#[39m[90m8a14f19b-f2e3-4dbd-9f43-2775b246f249[39m
2020-05-10 21:43:50: mail deliverer > [35mservice[39m[32m.online[39m [37msendEmail[39m[90m#[39m[90m8a14f19b-f2e3-4dbd-9f43-2775b246f249[39m
2020-05-10 21:43:56: mail deliverer > [35mservice[39m[31m.offline[39m [37msendEmail[39m[90m#[39m[90m8a14f19b-f2e3-4dbd-9f43-2775b246f249[39m
2020-05-10 21:43:56: mail deliverer > [35mservice[39m[32m.online[39m [37msendEmail[39m[90m#[39m[90m8a14f19b-f2e3-4dbd-9f43-2775b246f249[39m
2020-05-10 21:44:20: mail deliverer > [35mservice[39m[31m.offline[39m [37msendEmail[39m[90m#[39m[90m8a14f19b-f2e3-4dbd-9f43-2775b246f249[39m
2020-05-10 21:44:22: mail deliverer > [35mservice[39m[32m.online[39m [37msendEmail[39m[90m#[39m[90m8a14f19b-f2e3-4dbd-9f43-2775b246f249[39m
2020-05-10 21:44:40: mail deliverer > [35mservice[39m[31m.offline[39m [37msendEmail[39m[90m#[39m[90m8a14f19b-f2e3-4dbd-9f43-2775b246f249[39m
2020-05-10 21:44:40: mail deliverer > [35mservice[39m[32m.online[39m [37msendEmail[39m[90m#[39m[90m8a14f19b-f2e3-4dbd-9f43-2775b246f249[39m
2020-05-10 21:55:30: connected to practica_intro_node
2020-05-10 21:55:30: [37m
Hello! I'm[39m [37mmail deliverer[39m[90m#[39m[90mc9635e42-0112-4212-bf25-65f275d1505a[39m on [34m8001[39m [37m
========================
[39m
2020-05-10 21:56:26: mail deliverer > [35mservice[39m[32m.online[39m [37msendEmail[39m[90m#[39m[90mcf9b644e-aca7-40b7-81a6-560c6fe3b7ea[39m
2020-05-10 21:57:05: emailer recieved:  mavidalma@gmail.com Your ad "securized tests ad5" has been created Your ad has been properly created. Thank you for using our platform and good luck! mavidalma@gmail.com
2020-05-10 21:57:05: user on responder retrieved:  {
  _id: ee6e8e074763f31a1ad53675,
  username: 'Administrator',
  email: 'mavidalma@gmail.com',
  password: '$2b$10$uQb.5OarM7hgKVZ13gNlkeQQHU8BhJWHGGKacT36tZRIHcRRUrOZS',
  __v: 0
}
2020-05-10 22:00:50: mail deliverer > [35mservice[39m[32m.online[39m [37msendEmail[39m[90m#[39m[90m43b1f9df-4be6-46b2-b776-66955c46230b[39m
2020-05-10 22:00:53: mail deliverer > [35mservice[39m[32m.online[39m [37msendEmail[39m[90m#[39m[90m985ee1f5-94ba-4fa3-af5b-9ae94df01ae4[39m
2020-05-10 22:00:55: mail deliverer > [35mservice[39m[31m.offline[39m [37msendEmail[39m[90m#[39m[90mcf9b644e-aca7-40b7-81a6-560c6fe3b7ea[39m
2020-05-10 22:00:59: mail deliverer > [35mservice[39m[31m.offline[39m [37msendEmail[39m[90m#[39m[90m43b1f9df-4be6-46b2-b776-66955c46230b[39m
2020-05-10 22:01:03: mail deliverer > [35mservice[39m[31m.offline[39m [37msendEmail[39m[90m#[39m[90m985ee1f5-94ba-4fa3-af5b-9ae94df01ae4[39m
2020-05-10 22:01:05: mail deliverer > [35mservice[39m[32m.online[39m [37msendEmail[39m[90m#[39m[90m985ee1f5-94ba-4fa3-af5b-9ae94df01ae4[39m
2020-05-10 22:01:15: mail deliverer > [35mservice[39m[31m.offline[39m [37msendEmail[39m[90m#[39m[90m985ee1f5-94ba-4fa3-af5b-9ae94df01ae4[39m
2020-05-10 22:01:19: mail deliverer > [35mservice[39m[32m.online[39m [37msendEmail[39m[90m#[39m[90m985ee1f5-94ba-4fa3-af5b-9ae94df01ae4[39m
2020-05-10 22:02:03: mail deliverer > [35mservice[39m[31m.offline[39m [37msendEmail[39m[90m#[39m[90m985ee1f5-94ba-4fa3-af5b-9ae94df01ae4[39m
2020-05-10 22:02:03: mail deliverer > [35mservice[39m[32m.online[39m [37msendEmail[39m[90m#[39m[90m985ee1f5-94ba-4fa3-af5b-9ae94df01ae4[39m
2020-05-10 22:02:23: mail deliverer > [35mservice[39m[31m.offline[39m [37msendEmail[39m[90m#[39m[90m985ee1f5-94ba-4fa3-af5b-9ae94df01ae4[39m
2020-05-10 22:02:24: mail deliverer > [35mservice[39m[32m.online[39m [37msendEmail[39m[90m#[39m[90m985ee1f5-94ba-4fa3-af5b-9ae94df01ae4[39m
2020-05-10 22:02:27: mail deliverer > [35mservice[39m[32m.online[39m [37msendEmail[39m[90m#[39m[90m8e81d896-bab8-40ce-bf56-675f402e41b6[39m
2020-05-10 22:02:31: mail deliverer > [35mservice[39m[31m.offline[39m [37msendEmail[39m[90m#[39m[90m985ee1f5-94ba-4fa3-af5b-9ae94df01ae4[39m
2020-05-10 22:02:55: mail deliverer > [35mservice[39m[31m.offline[39m [37msendEmail[39m[90m#[39m[90m8e81d896-bab8-40ce-bf56-675f402e41b6[39m
2020-05-10 22:02:57: mail deliverer > [35mservice[39m[32m.online[39m [37msendEmail[39m[90m#[39m[90m8e81d896-bab8-40ce-bf56-675f402e41b6[39m
2020-05-10 22:03:04: emailer recieved:  mavidalma@gmail.com Your ad "securized tests ad5" has been created Your ad has been properly created. Thank you for using our platform and good luck! mavidalma@gmail.com
2020-05-10 22:03:04: user on responder retrieved:  {
  _id: ee6e8e074763f31a1ad53675,
  username: 'Administrator',
  email: 'mavidalma@gmail.com',
  password: '$2b$10$uQb.5OarM7hgKVZ13gNlkeQQHU8BhJWHGGKacT36tZRIHcRRUrOZS',
  __v: 0
}
2020-05-10 22:03:15: mail deliverer > [35mservice[39m[31m.offline[39m [37msendEmail[39m[90m#[39m[90m8e81d896-bab8-40ce-bf56-675f402e41b6[39m
2020-05-10 22:03:15: mail deliverer > [35mservice[39m[32m.online[39m [37msendEmail[39m[90m#[39m[90m8e81d896-bab8-40ce-bf56-675f402e41b6[39m
2020-05-10 22:03:36: mail deliverer > [35mservice[39m[32m.online[39m [37msendEmail[39m[90m#[39m[90mb4d1721e-2d7b-425d-8f05-53addb9d3a6f[39m
2020-05-10 22:03:39: mail deliverer > [35mservice[39m[31m.offline[39m [37msendEmail[39m[90m#[39m[90m8e81d896-bab8-40ce-bf56-675f402e41b6[39m
2020-05-10 22:04:27: mail deliverer > [35mservice[39m[31m.offline[39m [37msendEmail[39m[90m#[39m[90mb4d1721e-2d7b-425d-8f05-53addb9d3a6f[39m
2020-05-10 22:04:28: mail deliverer > [35mservice[39m[32m.online[39m [37msendEmail[39m[90m#[39m[90m877f9af5-7ed8-4715-859f-36f217e56f2c[39m
2020-05-10 22:04:35: mail deliverer > [35mservice[39m[31m.offline[39m [37msendEmail[39m[90m#[39m[90m877f9af5-7ed8-4715-859f-36f217e56f2c[39m
2020-05-10 22:04:38: mail deliverer > [35mservice[39m[32m.online[39m [37msendEmail[39m[90m#[39m[90m877f9af5-7ed8-4715-859f-36f217e56f2c[39m
2020-05-10 22:04:47: mail deliverer > [35mservice[39m[31m.offline[39m [37msendEmail[39m[90m#[39m[90m877f9af5-7ed8-4715-859f-36f217e56f2c[39m
2020-05-10 22:04:48: mail deliverer > [35mservice[39m[32m.online[39m [37msendEmail[39m[90m#[39m[90m877f9af5-7ed8-4715-859f-36f217e56f2c[39m
2020-05-10 22:04:55: mail deliverer > [35mservice[39m[31m.offline[39m [37msendEmail[39m[90m#[39m[90m877f9af5-7ed8-4715-859f-36f217e56f2c[39m
2020-05-10 22:04:58: mail deliverer > [35mservice[39m[32m.online[39m [37msendEmail[39m[90m#[39m[90m877f9af5-7ed8-4715-859f-36f217e56f2c[39m
2020-05-10 22:05:29: mail deliverer > [35mservice[39m[32m.online[39m [37msendEmail[39m[90m#[39m[90mac82bb99-3f70-4d89-8877-3de4b2914c94[39m
2020-05-10 22:05:35: mail deliverer > [35mservice[39m[31m.offline[39m [37msendEmail[39m[90m#[39m[90m877f9af5-7ed8-4715-859f-36f217e56f2c[39m
2020-05-10 22:05:37: mail deliverer > [35mservice[39m[32m.online[39m [37msendEmail[39m[90m#[39m[90mfeab4573-71e9-4232-8f09-6bcdd9fd916c[39m
2020-05-10 22:05:38: emailer recieved:  mavidalma@gmail.com Your ad "securized tests ad5" has been updated Your ad has been properly update. Thank you for using our platform and good luck! mavidalma@gmail.com
2020-05-10 22:05:38: user on responder retrieved:  {
  _id: ee6e8e074763f31a1ad53675,
  username: 'Administrator',
  email: 'mavidalma@gmail.com',
  password: '$2b$10$uQb.5OarM7hgKVZ13gNlkeQQHU8BhJWHGGKacT36tZRIHcRRUrOZS',
  __v: 0
}
2020-05-10 22:05:39: mail deliverer > [35mservice[39m[31m.offline[39m [37msendEmail[39m[90m#[39m[90mac82bb99-3f70-4d89-8877-3de4b2914c94[39m
2020-05-10 22:07:35: mail deliverer > [35mservice[39m[31m.offline[39m [37msendEmail[39m[90m#[39m[90mfeab4573-71e9-4232-8f09-6bcdd9fd916c[39m
2020-05-10 22:07:37: mail deliverer > [35mservice[39m[32m.online[39m [37msendEmail[39m[90m#[39m[90mfeab4573-71e9-4232-8f09-6bcdd9fd916c[39m
2020-05-10 22:07:59: mail deliverer > [35mservice[39m[31m.offline[39m [37msendEmail[39m[90m#[39m[90mfeab4573-71e9-4232-8f09-6bcdd9fd916c[39m
2020-05-10 22:07:59: mail deliverer > [35mservice[39m[32m.online[39m [37msendEmail[39m[90m#[39m[90mfeab4573-71e9-4232-8f09-6bcdd9fd916c[39m
2020-05-10 22:08:23: mail deliverer > [35mservice[39m[31m.offline[39m [37msendEmail[39m[90m#[39m[90mfeab4573-71e9-4232-8f09-6bcdd9fd916c[39m
2020-05-10 22:08:23: mail deliverer > [35mservice[39m[32m.online[39m [37msendEmail[39m[90m#[39m[90mfeab4573-71e9-4232-8f09-6bcdd9fd916c[39m
2020-05-10 22:09:13: mail deliverer > [35mservice[39m[32m.online[39m [37msendEmail[39m[90m#[39m[90mae7e0050-46d3-4aa4-bdbf-ae7830e53d7c[39m
2020-05-10 22:09:15: mail deliverer > [35mservice[39m[31m.offline[39m [37msendEmail[39m[90m#[39m[90mfeab4573-71e9-4232-8f09-6bcdd9fd916c[39m
2020-05-10 22:09:19: mail deliverer > [35mservice[39m[31m.offline[39m [37msendEmail[39m[90m#[39m[90mae7e0050-46d3-4aa4-bdbf-ae7830e53d7c[39m
2020-05-10 22:09:19: mail deliverer > [35mservice[39m[32m.online[39m [37msendEmail[39m[90m#[39m[90mae7e0050-46d3-4aa4-bdbf-ae7830e53d7c[39m
2020-05-10 22:09:27: mail deliverer > [35mservice[39m[31m.offline[39m [37msendEmail[39m[90m#[39m[90mae7e0050-46d3-4aa4-bdbf-ae7830e53d7c[39m
2020-05-10 22:09:27: mail deliverer > [35mservice[39m[32m.online[39m [37msendEmail[39m[90m#[39m[90mae7e0050-46d3-4aa4-bdbf-ae7830e53d7c[39m
2020-05-10 22:10:19: mail deliverer > [35mservice[39m[32m.online[39m [37msendEmail[39m[90m#[39m[90m88276fb1-cc8a-44ae-a400-4a0724f0c34a[39m
2020-05-10 22:10:23: mail deliverer > [35mservice[39m[31m.offline[39m [37msendEmail[39m[90m#[39m[90mae7e0050-46d3-4aa4-bdbf-ae7830e53d7c[39m
2020-05-10 22:10:27: mail deliverer > [35mservice[39m[31m.offline[39m [37msendEmail[39m[90m#[39m[90m88276fb1-cc8a-44ae-a400-4a0724f0c34a[39m
2020-05-10 22:10:27: mail deliverer > [35mservice[39m[32m.online[39m [37msendEmail[39m[90m#[39m[90m88276fb1-cc8a-44ae-a400-4a0724f0c34a[39m
2020-05-10 22:10:39: mail deliverer > [35mservice[39m[31m.offline[39m [37msendEmail[39m[90m#[39m[90m88276fb1-cc8a-44ae-a400-4a0724f0c34a[39m
2020-05-10 22:10:39: mail deliverer > [35mservice[39m[32m.online[39m [37msendEmail[39m[90m#[39m[90m88276fb1-cc8a-44ae-a400-4a0724f0c34a[39m
2020-05-10 22:11:31: mail deliverer > [35mservice[39m[31m.offline[39m [37msendEmail[39m[90m#[39m[90m88276fb1-cc8a-44ae-a400-4a0724f0c34a[39m
2020-05-10 22:11:31: mail deliverer > [35mservice[39m[32m.online[39m [37msendEmail[39m[90m#[39m[90m88276fb1-cc8a-44ae-a400-4a0724f0c34a[39m
2020-05-10 22:11:51: mail deliverer > [35mservice[39m[31m.offline[39m [37msendEmail[39m[90m#[39m[90m88276fb1-cc8a-44ae-a400-4a0724f0c34a[39m
2020-05-10 22:11:53: mail deliverer > [35mservice[39m[32m.online[39m [37msendEmail[39m[90m#[39m[90m88276fb1-cc8a-44ae-a400-4a0724f0c34a[39m
2020-05-10 22:13:16: mail deliverer > [35mservice[39m[32m.online[39m [37msendEmail[39m[90m#[39m[90m5041b51d-7151-4035-b724-adbf4e5a10ee[39m
2020-05-10 22:13:23: mail deliverer > [35mservice[39m[31m.offline[39m [37msendEmail[39m[90m#[39m[90m88276fb1-cc8a-44ae-a400-4a0724f0c34a[39m
2020-05-10 22:13:31: mail deliverer > [35mservice[39m[31m.offline[39m [37msendEmail[39m[90m#[39m[90m5041b51d-7151-4035-b724-adbf4e5a10ee[39m
2020-05-10 22:13:32: mail deliverer > [35mservice[39m[32m.online[39m [37msendEmail[39m[90m#[39m[90m5041b51d-7151-4035-b724-adbf4e5a10ee[39m
2020-05-10 22:14:07: mail deliverer > [35mservice[39m[31m.offline[39m [37msendEmail[39m[90m#[39m[90m5041b51d-7151-4035-b724-adbf4e5a10ee[39m
2020-05-10 22:14:10: mail deliverer > [35mservice[39m[32m.online[39m [37msendEmail[39m[90m#[39m[90m5041b51d-7151-4035-b724-adbf4e5a10ee[39m
2020-05-10 22:14:33: mail deliverer > [35mservice[39m[32m.online[39m [37msendEmail[39m[90m#[39m[90m88516225-1a92-454b-a2ce-fbb25430184a[39m
2020-05-10 22:14:35: mail deliverer > [35mservice[39m[31m.offline[39m [37msendEmail[39m[90m#[39m[90m5041b51d-7151-4035-b724-adbf4e5a10ee[39m
2020-05-10 22:14:37: emailer recieved:  mavidalma@gmail.com Your ad "securized tests ad5" has been updated Your ad has been properly update. Thank you for using our platform and good luck! mavidalma@gmail.com
2020-05-10 22:14:37: user on responder retrieved:  {
  _id: ee6e8e074763f31a1ad53675,
  username: 'Administrator',
  email: 'mavidalma@gmail.com',
  password: '$2b$10$uQb.5OarM7hgKVZ13gNlkeQQHU8BhJWHGGKacT36tZRIHcRRUrOZS',
  __v: 0
}
2020-05-10 22:14:55: mail deliverer > [35mservice[39m[31m.offline[39m [37msendEmail[39m[90m#[39m[90m88516225-1a92-454b-a2ce-fbb25430184a[39m
2020-05-10 22:14:55: mail deliverer > [35mservice[39m[32m.online[39m [37msendEmail[39m[90m#[39m[90m88516225-1a92-454b-a2ce-fbb25430184a[39m
2020-05-10 22:15:11: mail deliverer > [35mservice[39m[31m.offline[39m [37msendEmail[39m[90m#[39m[90m88516225-1a92-454b-a2ce-fbb25430184a[39m
2020-05-10 22:15:11: mail deliverer > [35mservice[39m[32m.online[39m [37msendEmail[39m[90m#[39m[90m88516225-1a92-454b-a2ce-fbb25430184a[39m
2020-05-10 22:15:35: mail deliverer > [35mservice[39m[31m.offline[39m [37msendEmail[39m[90m#[39m[90m88516225-1a92-454b-a2ce-fbb25430184a[39m
2020-05-10 22:15:35: mail deliverer > [35mservice[39m[32m.online[39m [37msendEmail[39m[90m#[39m[90m88516225-1a92-454b-a2ce-fbb25430184a[39m
2020-05-10 22:16:05: mail deliverer > [35mservice[39m[32m.online[39m [37msendEmail[39m[90m#[39m[90mdc7078f2-c8b6-44ef-b26f-52ab3d549617[39m
2020-05-10 22:16:07: mail deliverer > [35mservice[39m[31m.offline[39m [37msendEmail[39m[90m#[39m[90m88516225-1a92-454b-a2ce-fbb25430184a[39m
2020-05-10 22:16:23: mail deliverer > [35mservice[39m[31m.offline[39m [37msendEmail[39m[90m#[39m[90mdc7078f2-c8b6-44ef-b26f-52ab3d549617[39m
2020-05-10 22:16:23: mail deliverer > [35mservice[39m[32m.online[39m [37msendEmail[39m[90m#[39m[90mdc7078f2-c8b6-44ef-b26f-52ab3d549617[39m
2020-05-10 22:17:07: mail deliverer > [35mservice[39m[31m.offline[39m [37msendEmail[39m[90m#[39m[90mdc7078f2-c8b6-44ef-b26f-52ab3d549617[39m
2020-05-10 22:17:07: mail deliverer > [35mservice[39m[32m.online[39m [37msendEmail[39m[90m#[39m[90mdc7078f2-c8b6-44ef-b26f-52ab3d549617[39m
2020-05-10 22:18:03: mail deliverer > [35mservice[39m[31m.offline[39m [37msendEmail[39m[90m#[39m[90mdc7078f2-c8b6-44ef-b26f-52ab3d549617[39m
2020-05-10 22:18:11: mail deliverer > [35mservice[39m[32m.online[39m [37msendEmail[39m[90m#[39m[90mc9fd7b18-62ce-4970-bdc7-9cf668024ede[39m
2020-05-10 22:18:15: emailer recieved:  mavidalma@gmail.com Your ad "securized tests ad5" has been updated Your ad has been properly update. Thank you for using our platform and good luck! mavidalma@gmail.com
2020-05-10 22:18:15: user on responder retrieved:  {
  _id: ee6e8e074763f31a1ad53675,
  username: 'Administrator',
  email: 'mavidalma@gmail.com',
  password: '$2b$10$uQb.5OarM7hgKVZ13gNlkeQQHU8BhJWHGGKacT36tZRIHcRRUrOZS',
  __v: 0
}
2020-05-10 22:19:23: mail deliverer > [35mservice[39m[32m.online[39m [37msendEmail[39m[90m#[39m[90m80b6cfd7-cb08-4314-b1a3-37014d7f456e[39m
2020-05-10 22:19:27: mail deliverer > [35mservice[39m[31m.offline[39m [37msendEmail[39m[90m#[39m[90mc9fd7b18-62ce-4970-bdc7-9cf668024ede[39m
2020-05-10 22:19:27: emailer recieved:  mavidalma@gmail.com Your ad "securized tests ad5" has been updated Your ad has been properly update. Thank you for using our platform and good luck! mavidalma@gmail.com
2020-05-10 22:19:27: user on responder retrieved:  {
  _id: ee6e8e074763f31a1ad53675,
  username: 'Administrator',
  email: 'mavidalma@gmail.com',
  password: '$2b$10$uQb.5OarM7hgKVZ13gNlkeQQHU8BhJWHGGKacT36tZRIHcRRUrOZS',
  __v: 0
}
2020-05-10 22:19:35: mail deliverer > [35mservice[39m[31m.offline[39m [37msendEmail[39m[90m#[39m[90m80b6cfd7-cb08-4314-b1a3-37014d7f456e[39m
2020-05-10 22:19:37: mail deliverer > [35mservice[39m[32m.online[39m [37msendEmail[39m[90m#[39m[90m80b6cfd7-cb08-4314-b1a3-37014d7f456e[39m
2020-05-10 22:20:07: mail deliverer > [35mservice[39m[32m.online[39m [37msendEmail[39m[90m#[39m[90m8fcb0e82-689d-491a-9d11-8e932bbf7874[39m
2020-05-10 22:20:11: mail deliverer > [35mservice[39m[31m.offline[39m [37msendEmail[39m[90m#[39m[90m80b6cfd7-cb08-4314-b1a3-37014d7f456e[39m
2020-05-10 22:20:12: emailer recieved:  mavidalma@gmail.com Your ad "securized tests ad5" has been updated Your ad has been properly update. Thank you for using our platform and good luck! mavidalma@gmail.com
2020-05-10 22:20:12: user on responder retrieved:  {
  _id: ee6e8e074763f31a1ad53675,
  username: 'Administrator',
  email: 'mavidalma@gmail.com',
  password: '$2b$10$uQb.5OarM7hgKVZ13gNlkeQQHU8BhJWHGGKacT36tZRIHcRRUrOZS',
  __v: 0
}
2020-05-10 22:20:15: mail deliverer > [35mservice[39m[31m.offline[39m [37msendEmail[39m[90m#[39m[90m8fcb0e82-689d-491a-9d11-8e932bbf7874[39m
2020-05-10 22:20:23: mail deliverer > [35mservice[39m[32m.online[39m [37msendEmail[39m[90m#[39m[90m8fcb0e82-689d-491a-9d11-8e932bbf7874[39m
2020-05-10 22:20:48: mail deliverer > [35mservice[39m[32m.online[39m [37msendEmail[39m[90m#[39m[90me79a1405-084e-407d-b6f1-e5ccd6060303[39m
2020-05-10 22:20:49: emailer recieved:  mavidalma@gmail.com Your ad "securized tests ad5" has been updated Your ad has been properly update. Thank you for using our platform and good luck! mavidalma@gmail.com
2020-05-10 22:20:49: user on responder retrieved:  {
  _id: ee6e8e074763f31a1ad53675,
  username: 'Administrator',
  email: 'mavidalma@gmail.com',
  password: '$2b$10$uQb.5OarM7hgKVZ13gNlkeQQHU8BhJWHGGKacT36tZRIHcRRUrOZS',
  __v: 0
}
2020-05-10 22:20:51: mail deliverer > [35mservice[39m[31m.offline[39m [37msendEmail[39m[90m#[39m[90m8fcb0e82-689d-491a-9d11-8e932bbf7874[39m
2020-05-10 22:20:59: mail deliverer > [35mservice[39m[31m.offline[39m [37msendEmail[39m[90m#[39m[90me79a1405-084e-407d-b6f1-e5ccd6060303[39m
2020-05-10 22:21:00: mail deliverer > [35mservice[39m[32m.online[39m [37msendEmail[39m[90m#[39m[90me79a1405-084e-407d-b6f1-e5ccd6060303[39m
2020-05-10 22:21:41: mail deliverer > [35mservice[39m[32m.online[39m [37msendEmail[39m[90m#[39m[90m051540b9-8ef7-4da3-83e3-93aee084e20b[39m
2020-05-10 22:21:47: mail deliverer > [35mservice[39m[31m.offline[39m [37msendEmail[39m[90m#[39m[90me79a1405-084e-407d-b6f1-e5ccd6060303[39m
2020-05-10 22:22:13: mail deliverer > [35mservice[39m[32m.online[39m [37msendEmail[39m[90m#[39m[90m71fb5a05-431f-419d-bf08-21845ba5d1a7[39m
2020-05-10 22:22:15: mail deliverer > [35mservice[39m[31m.offline[39m [37msendEmail[39m[90m#[39m[90m051540b9-8ef7-4da3-83e3-93aee084e20b[39m
2020-05-10 22:22:19: emailer recieved:  mavidalma@gmail.com Your ad "changed title-3" has been updated Your ad has been properly update. Thank you for using our platform and good luck! mavidalma@gmail.com
2020-05-10 22:22:19: user on responder retrieved:  {
  _id: ee6e8e074763f31a1ad53675,
  username: 'Administrator',
  email: 'mavidalma@gmail.com',
  password: '$2b$10$uQb.5OarM7hgKVZ13gNlkeQQHU8BhJWHGGKacT36tZRIHcRRUrOZS',
  __v: 0
}
2020-05-10 22:22:23: mail deliverer > [35mservice[39m[31m.offline[39m [37msendEmail[39m[90m#[39m[90m71fb5a05-431f-419d-bf08-21845ba5d1a7[39m
2020-05-10 22:22:23: mail deliverer > [35mservice[39m[32m.online[39m [37msendEmail[39m[90m#[39m[90m71fb5a05-431f-419d-bf08-21845ba5d1a7[39m
2020-05-10 22:23:15: mail deliverer > [35mservice[39m[31m.offline[39m [37msendEmail[39m[90m#[39m[90m71fb5a05-431f-419d-bf08-21845ba5d1a7[39m
2020-05-10 22:23:17: mail deliverer > [35mservice[39m[32m.online[39m [37msendEmail[39m[90m#[39m[90m9164bce9-48c8-4dfb-a8a2-a2ef0a49c5bc[39m
2020-05-10 22:23:37: emailer recieved:  mavidalma@gmail.com Your ad "securized tests ad5" has been updated Your ad has been properly deleted. Thank you for have been using our platform mavidalma@gmail.com
2020-05-10 22:23:37: user on responder retrieved:  {
  _id: ee6e8e074763f31a1ad53675,
  username: 'Administrator',
  email: 'mavidalma@gmail.com',
  password: '$2b$10$uQb.5OarM7hgKVZ13gNlkeQQHU8BhJWHGGKacT36tZRIHcRRUrOZS',
  __v: 0
}
2020-05-10 22:24:01: mail deliverer > [35mservice[39m[32m.online[39m [37msendEmail[39m[90m#[39m[90m120c8aa1-2666-4c08-b74b-5fffdcbe0314[39m
2020-05-10 22:24:03: mail deliverer > [35mservice[39m[31m.offline[39m [37msendEmail[39m[90m#[39m[90m9164bce9-48c8-4dfb-a8a2-a2ef0a49c5bc[39m
2020-05-10 22:24:19: mail deliverer > [35mservice[39m[31m.offline[39m [37msendEmail[39m[90m#[39m[90m120c8aa1-2666-4c08-b74b-5fffdcbe0314[39m
2020-05-10 22:26:25: mail deliverer > [35mservice[39m[32m.online[39m [37msendEmail[39m[90m#[39m[90m8342db27-01d0-450b-a13a-c3442f453da8[39m
2020-05-10 22:26:31: mail deliverer > [35mservice[39m[31m.offline[39m [37msendEmail[39m[90m#[39m[90m8342db27-01d0-450b-a13a-c3442f453da8[39m
2020-05-10 22:26:35: mail deliverer > [35mservice[39m[32m.online[39m [37msendEmail[39m[90m#[39m[90m8342db27-01d0-450b-a13a-c3442f453da8[39m
2020-05-10 22:26:47: mail deliverer > [35mservice[39m[31m.offline[39m [37msendEmail[39m[90m#[39m[90m8342db27-01d0-450b-a13a-c3442f453da8[39m
2020-05-10 22:26:47: mail deliverer > [35mservice[39m[32m.online[39m [37msendEmail[39m[90m#[39m[90m8342db27-01d0-450b-a13a-c3442f453da8[39m
2020-05-10 22:27:07: mail deliverer > [35mservice[39m[31m.offline[39m [37msendEmail[39m[90m#[39m[90m8342db27-01d0-450b-a13a-c3442f453da8[39m
2020-05-10 22:27:09: mail deliverer > [35mservice[39m[32m.online[39m [37msendEmail[39m[90m#[39m[90m8342db27-01d0-450b-a13a-c3442f453da8[39m
2020-05-10 22:27:23: mail deliverer > [35mservice[39m[31m.offline[39m [37msendEmail[39m[90m#[39m[90m8342db27-01d0-450b-a13a-c3442f453da8[39m
2020-05-10 22:27:29: mail deliverer > [35mservice[39m[32m.online[39m [37msendEmail[39m[90m#[39m[90m8342db27-01d0-450b-a13a-c3442f453da8[39m
=======
2020-05-09 21:34:14: connected to practica_intro_node
2020-05-09 21:34:14: [37m
Hello! I'm[39m [37mmail deliverer[39m[90m#[39m[90mec2ff274-526b-460d-90a1-f90aa5ef2804[39m on [34m8001[39m [37m
========================
[39m
2020-05-09 21:44:49: emailer recieved:  mavidalma@gmail.com thank you for registering on our API Thank you for registering on anunciaLOL. You will be provided with an API token on login. Username: usertest Password: password. test@tester.con
2020-05-09 21:44:49: user on responder retrieved:  {
  _id: 5eb70830a72630264d850542,
  username: 'usertest',
  email: 'test@tester.con',
  password: '$2b$10$1jlFVoaV0fXaZXDQIBDGhugCOl8bkkrZDjqzysKWoIcp0D5YvXnwi',
  __v: 0
}
2020-05-09 21:48:41: mail deliverer > [35mservice[39m[32m.online[39m [37msendEmail[39m[90m#[39m[90m6353ae0b-b0fd-4ead-87f0-6080e1c1c535[39m
2020-05-09 21:48:46: mail deliverer > [35mservice[39m[31m.offline[39m [37msendEmail[39m[90m#[39m[90m6353ae0b-b0fd-4ead-87f0-6080e1c1c535[39m
2020-05-09 21:50:24: mail deliverer > [35mservice[39m[32m.online[39m [37msendEmail[39m[90m#[39m[90mba7e2125-9c6c-439a-bcf2-d1ade44d3089[39m
2020-05-09 21:50:30: mail deliverer > [35mservice[39m[31m.offline[39m [37msendEmail[39m[90m#[39m[90mba7e2125-9c6c-439a-bcf2-d1ade44d3089[39m
2020-05-09 21:52:50: mail deliverer > [35mservice[39m[32m.online[39m [37msendEmail[39m[90m#[39m[90m4dc999e0-72ae-4d3c-8fc4-290b9411b93a[39m
2020-05-09 21:52:58: mail deliverer > [35mservice[39m[31m.offline[39m [37msendEmail[39m[90m#[39m[90m4dc999e0-72ae-4d3c-8fc4-290b9411b93a[39m
2020-05-09 21:53:13: connected to practica_intro_node
2020-05-09 21:53:13: [37m
Hello! I'm[39m [37mmail deliverer[39m[90m#[39m[90m98b53b8d-da73-4709-9e5b-523c8ff1414a[39m on [34m8001[39m [37m
========================
[39m
2020-05-09 21:54:11: mail deliverer > [35mservice[39m[32m.online[39m [37msendEmail[39m[90m#[39m[90m3142282b-01df-4c5d-8b2f-ffeeea4fdcab[39m
2020-05-09 21:54:17: mail deliverer > [35mservice[39m[31m.offline[39m [37msendEmail[39m[90m#[39m[90m3142282b-01df-4c5d-8b2f-ffeeea4fdcab[39m
2020-05-09 21:55:14: connected to practica_intro_node
2020-05-09 21:55:14: [37m
Hello! I'm[39m [37mmail deliverer[39m[90m#[39m[90m73be5801-2d75-4d31-a645-40cc0ba9b310[39m on [34m8001[39m [37m
========================
[39m
2020-05-09 21:56:06: connected to practica_intro_node
2020-05-09 21:56:07: [37m
Hello! I'm[39m [37mmail deliverer[39m[90m#[39m[90m51c1c5de-32a7-4005-b07d-cfb77062494c[39m on [34m8001[39m [37m
========================
[39m
2020-05-09 21:56:46: mail deliverer > [35mservice[39m[32m.online[39m [37msendEmail[39m[90m#[39m[90m050c1ea8-c7dc-48f9-a66e-749f2d11efb4[39m
2020-05-09 21:56:55: mail deliverer > [35mservice[39m[31m.offline[39m [37msendEmail[39m[90m#[39m[90m050c1ea8-c7dc-48f9-a66e-749f2d11efb4[39m
2020-05-09 21:57:52: mail deliverer > [35mservice[39m[32m.online[39m [37msendEmail[39m[90m#[39m[90m67d38b95-5f94-44bd-96c7-3ae8d695046f[39m
2020-05-09 21:57:59: mail deliverer > [35mservice[39m[31m.offline[39m [37msendEmail[39m[90m#[39m[90m67d38b95-5f94-44bd-96c7-3ae8d695046f[39m
2020-05-09 22:29:03: connected to practica_intro_node
2020-05-09 22:29:03: [37m
Hello! I'm[39m [37mmail deliverer[39m[90m#[39m[90ma34c1809-e2c3-4244-905e-2fd657e8a18d[39m on [34m8001[39m [37m
========================
[39m
2020-05-09 22:29:14: mail deliverer > [35mservice[39m[32m.online[39m [37msendEmail[39m[90m#[39m[90m7f075566-fcd2-445b-ac0e-0db59b95e119[39m
2020-05-09 22:29:19: mail deliverer > [35mservice[39m[31m.offline[39m [37msendEmail[39m[90m#[39m[90m7f075566-fcd2-445b-ac0e-0db59b95e119[39m
>>>>>>> supertest
2020-05-10 22:28:11: connected to practica_intro_node
2020-05-10 22:28:11: [37m
Hello! I'm[39m [37mmail deliverer[39m[90m#[39m[90m893fada2-a80e-4548-a582-3006e1a9861d[39m on [34m8001[39m [37m
========================
[39m
2020-05-10 22:28:11: mail deliverer > [35mservice[39m[32m.online[39m [37msendEmail[39m[90m#[39m[90m37145ed5-b058-4490-b734-45436af2d5c0[39m
